Start testing: Oct 29 22:48 PDT
----------------------------------------------------------
1/1 Testing: hk_storage_engine_tests
1/1 Test: hk_storage_engine_tests
Command: "/Users/hamdaankhalid/hk-storage-engine/build/tests/hk_storage_engine_tests"
Directory: /Users/hamdaankhalid/hk-storage-engine/build/tests
"hk_storage_engine_tests" start time: Oct 29 22:48 PDT
Output:
----------------------------------------------------------
Running main() from /Users/hamdaankhalid/hk-storage-engine/googletest/googletest/src/gtest_main.cc
[==========] Running 3 tests from 1 test suite.
[----------] Global test environment set-up.
[----------] 3 tests from Logger
[ RUN      ] Logger.LogInfo
[       OK ] Logger.LogInfo (0 ms)
[ RUN      ] Logger.LogWarning
[       OK ] Logger.LogWarning (0 ms)
[ RUN      ] Logger.LogError
[       OK ] Logger.LogError (0 ms)
[----------] 3 tests from Logger (0 ms total)

[----------] Global test environment tear-down
[==========] 3 tests from 1 test suite ran. (0 ms total)
[  PASSED  ] 3 tests.
<end of output>
Test time =   0.25 sec
----------------------------------------------------------
Test Passed.
"hk_storage_engine_tests" end time: Oct 29 22:48 PDT
"hk_storage_engine_tests" time elapsed: 00:00:00
----------------------------------------------------------

End testing: Oct 29 22:48 PDT
